[0.009s][debug][gc,heap] Minimum heap 1073741824  Initial heap 1073741824  Maximum heap 1073741824
[0.017s][info ][gc     ] Using G1
[0.027s][info ][gc,init] Version: 17.0.11-internal+0-adhoc.damowang.TencentKona-17 (fastdebug)
[0.027s][info ][gc,init] CPUs: 12 total, 12 available
[0.027s][info ][gc,init] Memory: 3829M
[0.027s][info ][gc,init] Large Page Support: Disabled
[0.027s][info ][gc,init] NUMA Support: Disabled
[0.027s][info ][gc,init] Compressed Oops: Enabled (32-bit)
[0.027s][info ][gc,init] Heap Region Size: 1M
[0.027s][info ][gc,init] Heap Min Capacity: 1G
[0.027s][info ][gc,init] Heap Initial Capacity: 1G
[0.027s][info ][gc,init] Heap Max Capacity: 1G
[0.027s][info ][gc,init] Pre-touch: Disabled
[0.027s][info ][gc,init] Parallel Workers: 10
[0.027s][info ][gc,init] Concurrent Workers: 3
[0.027s][info ][gc,init] Concurrent Refinement Workers: 10
[0.027s][info ][gc,init] Periodic GC: Disabled
[0.027s][info ][gc,metaspace] CDS archive(s) not mapped
[0.027s][info ][gc,metaspace] Compressed class space mapped at: 0x0000000100000000-0x0000000140000000, reserved size: 1073741824
[0.027s][info ][gc,metaspace] Narrow klass base: 0x0000000000000000, Narrow klass shift: 3, Narrow klass range: 0x140000000
[0.315s][debug][gc,heap     ] GC(0) Heap before GC invocations=0 (full 0):
[0.315s][debug][gc,heap     ] GC(0)  garbage-first heap   total 1048576K, used 51200K [0x00000000c0000000, 0x0000000100000000)
[0.315s][debug][gc,heap     ] GC(0)   region size 1024K, 51 young (52224K), 0 survivors (0K)
[0.315s][debug][gc,heap     ] GC(0)  Metaspace       used 6685K, committed 6912K, reserved 1114112K
[0.315s][debug][gc,heap     ] GC(0)   class space    used 581K, committed 704K, reserved 1048576K
[0.315s][info ][gc,start    ] GC(0) Pause Young (Normal) (G1 Evacuation Pause)
[0.317s][info ][gc,task     ] GC(0) Using 10 workers of 10 for evacuation
[0.380s][info ][gc,phases   ] GC(0)   Pre Evacuate Collection Set: 0.4ms
[0.380s][info ][gc,phases   ] GC(0)   Merge Heap Roots: 0.3ms
[0.380s][info ][gc,phases   ] GC(0)   Evacuate Collection Set: 50.5ms
[0.380s][info ][gc,phases   ] GC(0)   Post Evacuate Collection Set: 11.0ms
[0.380s][info ][gc,phases   ] GC(0)   Other: 2.5ms
[0.380s][info ][gc,heap     ] GC(0) Eden regions: 51->0(44)
[0.380s][info ][gc,heap     ] GC(0) Survivor regions: 0->7(7)
[0.380s][info ][gc,heap     ] GC(0) Old regions: 0->40
[0.380s][info ][gc,heap     ] GC(0) Archive regions: 0->0
[0.380s][info ][gc,heap     ] GC(0) Humongous regions: 0->0
[0.380s][info ][gc,metaspace] GC(0) Metaspace: 6685K(6912K)->6685K(6912K) NonClass: 6103K(6208K)->6103K(6208K) Class: 581K(704K)->581K(704K)
[0.380s][debug][gc,heap     ] GC(0) Heap after GC invocations=1 (full 0):
[0.380s][debug][gc,heap     ] GC(0)  garbage-first heap   total 1048576K, used 48104K [0x00000000c0000000, 0x0000000100000000)
[0.380s][debug][gc,heap     ] GC(0)   region size 1024K, 7 young (7168K), 7 survivors (7168K)
[0.380s][debug][gc,heap     ] GC(0)  Metaspace       used 6685K, committed 6912K, reserved 1114112K
[0.380s][debug][gc,heap     ] GC(0)   class space    used 581K, committed 704K, reserved 1048576K
[0.380s][info ][gc          ] GC(0) Pause Young (Normal) (G1 Evacuation Pause) 50M->46M(1024M) 64.563ms
[0.380s][info ][gc,cpu      ] GC(0) User=0.18s Sys=0.25s Real=0.06s
[0.380s][info ][safepoint   ] Safepoint "G1CollectForAllocation", Time since last: 263058290 ns, Reaching safepoint: 13700 ns, Cleanup: 59800 ns, At safepoint: 65265698 ns, Total: 65339198 ns
[0.387s][debug][gc,heap     ] GC(1) Heap before GC invocations=1 (full 0):
[0.387s][debug][gc,heap     ] GC(1)  garbage-first heap   total 1048576K, used 92136K [0x00000000c0000000, 0x0000000100000000)
[0.387s][debug][gc,heap     ] GC(1)   region size 1024K, 51 young (52224K), 7 survivors (7168K)
[0.387s][debug][gc,heap     ] GC(1)  Metaspace       used 6685K, committed 6912K, reserved 1114112K
[0.387s][debug][gc,heap     ] GC(1)   class space    used 581K, committed 704K, reserved 1048576K
[0.387s][info ][gc,start    ] GC(1) Pause Young (Normal) (G1 Evacuation Pause)
[0.387s][info ][gc,task     ] GC(1) Using 10 workers of 10 for evacuation
[0.437s][info ][gc,phases   ] GC(1)   Pre Evacuate Collection Set: 0.5ms
[0.437s][info ][gc,phases   ] GC(1)   Merge Heap Roots: 0.4ms
[0.437s][info ][gc,phases   ] GC(1)   Evacuate Collection Set: 39.5ms
[0.437s][info ][gc,phases   ] GC(1)   Post Evacuate Collection Set: 9.2ms
[0.437s][info ][gc,phases   ] GC(1)   Other: 0.6ms
[0.437s][info ][gc,heap     ] GC(1) Eden regions: 44->0(44)
[0.437s][info ][gc,heap     ] GC(1) Survivor regions: 7->7(7)
[0.437s][info ][gc,heap     ] GC(1) Old regions: 40->84
[0.437s][info ][gc,heap     ] GC(1) Archive regions: 0->0
[0.437s][info ][gc,heap     ] GC(1) Humongous regions: 0->0
[0.437s][info ][gc,metaspace] GC(1) Metaspace: 6685K(6912K)->6685K(6912K) NonClass: 6103K(6208K)->6103K(6208K) Class: 581K(704K)->581K(704K)
[0.437s][debug][gc,heap     ] GC(1) Heap after GC invocations=2 (full 0):
[0.437s][debug][gc,heap     ] GC(1)  garbage-first heap   total 1048576K, used 92560K [0x00000000c0000000, 0x0000000100000000)
[0.437s][debug][gc,heap     ] GC(1)   region size 1024K, 7 young (7168K), 7 survivors (7168K)
[0.437s][debug][gc,heap     ] GC(1)  Metaspace       used 6685K, committed 6912K, reserved 1114112K
[0.437s][debug][gc,heap     ] GC(1)   class space    used 581K, committed 704K, reserved 1048576K
[0.437s][info ][gc          ] GC(1) Pause Young (Normal) (G1 Evacuation Pause) 90M->90M(1024M) 50.205ms
[0.437s][info ][gc,cpu      ] GC(1) User=0.19s Sys=0.15s Real=0.05s
[0.437s][info ][safepoint   ] Safepoint "G1CollectForAllocation", Time since last: 6565599 ns, Reaching safepoint: 16900 ns, Cleanup: 9900 ns, At safepoint: 50490198 ns, Total: 50516998 ns
[0.442s][debug][gc,heap     ] GC(2) Heap before GC invocations=2 (full 0):
[0.442s][debug][gc,heap     ] GC(2)  garbage-first heap   total 1048576K, used 136592K [0x00000000c0000000, 0x0000000100000000)
[0.442s][debug][gc,heap     ] GC(2)   region size 1024K, 51 young (52224K), 7 survivors (7168K)
[0.442s][debug][gc,heap     ] GC(2)  Metaspace       used 6685K, committed 6912K, reserved 1114112K
[0.442s][debug][gc,heap     ] GC(2)   class space    used 581K, committed 704K, reserved 1048576K
[0.443s][info ][gc,start    ] GC(2) Pause Young (Normal) (G1 Evacuation Pause)
[0.443s][info ][gc,task     ] GC(2) Using 10 workers of 10 for evacuation
[0.498s][info ][gc,phases   ] GC(2)   Pre Evacuate Collection Set: 0.2ms
[0.498s][info ][gc,phases   ] GC(2)   Merge Heap Roots: 0.1ms
[0.498s][info ][gc,phases   ] GC(2)   Evacuate Collection Set: 46.6ms
[0.498s][info ][gc,phases   ] GC(2)   Post Evacuate Collection Set: 8.6ms
[0.498s][info ][gc,phases   ] GC(2)   Other: 0.5ms
[0.498s][info ][gc,heap     ] GC(2) Eden regions: 44->0(44)
[0.498s][info ][gc,heap     ] GC(2) Survivor regions: 7->7(7)
[0.498s][info ][gc,heap     ] GC(2) Old regions: 84->128
[0.498s][info ][gc,heap     ] GC(2) Archive regions: 0->0
[0.498s][info ][gc,heap     ] GC(2) Humongous regions: 0->0
[0.498s][info ][gc,metaspace] GC(2) Metaspace: 6685K(6912K)->6685K(6912K) NonClass: 6103K(6208K)->6103K(6208K) Class: 581K(704K)->581K(704K)
[0.498s][debug][gc,heap     ] GC(2) Heap after GC invocations=3 (full 0):
[0.498s][debug][gc,heap     ] GC(2)  garbage-first heap   total 1048576K, used 137616K [0x00000000c0000000, 0x0000000100000000)
[0.498s][debug][gc,heap     ] GC(2)   region size 1024K, 7 young (7168K), 7 survivors (7168K)
[0.498s][debug][gc,heap     ] GC(2)  Metaspace       used 6685K, committed 6912K, reserved 1114112K
[0.498s][debug][gc,heap     ] GC(2)   class space    used 581K, committed 704K, reserved 1048576K
[0.498s][info ][gc          ] GC(2) Pause Young (Normal) (G1 Evacuation Pause) 134M->134M(1024M) 55.948ms
[0.498s][info ][gc,cpu      ] GC(2) User=0.18s Sys=0.24s Real=0.06s
[0.499s][info ][safepoint   ] Safepoint "G1CollectForAllocation", Time since last: 5117600 ns, Reaching safepoint: 12600 ns, Cleanup: 6500 ns, At safepoint: 56183098 ns, Total: 56202198 ns
[0.502s][debug][gc,heap     ] GC(3) Heap before GC invocations=3 (full 0):
[0.503s][debug][gc,heap     ] GC(3)  garbage-first heap   total 1048576K, used 181648K [0x00000000c0000000, 0x0000000100000000)
[0.503s][debug][gc,heap     ] GC(3)   region size 1024K, 51 young (52224K), 7 survivors (7168K)
[0.503s][debug][gc,heap     ] GC(3)  Metaspace       used 6685K, committed 6912K, reserved 1114112K
[0.503s][debug][gc,heap     ] GC(3)   class space    used 581K, committed 704K, reserved 1048576K
[0.503s][info ][gc,start    ] GC(3) Pause Young (Normal) (G1 Evacuation Pause)
[0.503s][info ][gc,task     ] GC(3) Using 10 workers of 10 for evacuation
[0.553s][info ][gc,phases   ] GC(3)   Pre Evacuate Collection Set: 0.2ms
[0.553s][info ][gc,phases   ] GC(3)   Merge Heap Roots: 0.1ms
[0.553s][info ][gc,phases   ] GC(3)   Evacuate Collection Set: 41.5ms
[0.553s][info ][gc,phases   ] GC(3)   Post Evacuate Collection Set: 8.5ms
[0.553s][info ][gc,phases   ] GC(3)   Other: 0.5ms
[0.553s][info ][gc,heap     ] GC(3) Eden regions: 44->0(44)
[0.553s][info ][gc,heap     ] GC(3) Survivor regions: 7->7(7)
[0.553s][info ][gc,heap     ] GC(3) Old regions: 128->172
[0.553s][info ][gc,heap     ] GC(3) Archive regions: 0->0
[0.553s][info ][gc,heap     ] GC(3) Humongous regions: 0->0
[0.553s][info ][gc,metaspace] GC(3) Metaspace: 6685K(6912K)->6685K(6912K) NonClass: 6103K(6208K)->6103K(6208K) Class: 581K(704K)->581K(704K)
[0.554s][debug][gc,heap     ] GC(3) Heap after GC invocations=4 (full 0):
[0.554s][debug][gc,heap     ] GC(3)  garbage-first heap   total 1048576K, used 182672K [0x00000000c0000000, 0x0000000100000000)
[0.554s][debug][gc,heap     ] GC(3)   region size 1024K, 7 young (7168K), 7 survivors (7168K)
[0.554s][debug][gc,heap     ] GC(3)  Metaspace       used 6685K, committed 6912K, reserved 1114112K
[0.554s][debug][gc,heap     ] GC(3)   class space    used 581K, committed 704K, reserved 1048576K
[0.554s][info ][gc          ] GC(3) Pause Young (Normal) (G1 Evacuation Pause) 178M->178M(1024M) 50.882ms
[0.554s][info ][gc,cpu      ] GC(3) User=0.12s Sys=0.27s Real=0.05s
[0.554s][info ][safepoint   ] Safepoint "G1CollectForAllocation", Time since last: 3928800 ns, Reaching safepoint: 11600 ns, Cleanup: 6000 ns, At safepoint: 51142698 ns, Total: 51160298 ns
[0.559s][debug][gc,heap     ] GC(4) Heap before GC invocations=4 (full 0):
[0.559s][debug][gc,heap     ] GC(4)  garbage-first heap   total 1048576K, used 226704K [0x00000000c0000000, 0x0000000100000000)
[0.559s][debug][gc,heap     ] GC(4)   region size 1024K, 51 young (52224K), 7 survivors (7168K)
[0.559s][debug][gc,heap     ] GC(4)  Metaspace       used 6685K, committed 6912K, reserved 1114112K
[0.559s][debug][gc,heap     ] GC(4)   class space    used 581K, committed 704K, reserved 1048576K
[0.559s][info ][gc,start    ] GC(4) Pause Young (Normal) (G1 Evacuation Pause)
[0.559s][info ][gc,task     ] GC(4) Using 10 workers of 10 for evacuation
[0.621s][info ][gc,phases   ] GC(4)   Pre Evacuate Collection Set: 0.2ms
[0.621s][info ][gc,phases   ] GC(4)   Merge Heap Roots: 0.1ms
[0.621s][info ][gc,phases   ] GC(4)   Evacuate Collection Set: 52.5ms
[0.621s][info ][gc,phases   ] GC(4)   Post Evacuate Collection Set: 8.9ms
[0.621s][info ][gc,phases   ] GC(4)   Other: 0.5ms
[0.621s][info ][gc,heap     ] GC(4) Eden regions: 44->0(44)
[0.621s][info ][gc,heap     ] GC(4) Survivor regions: 7->7(7)
[0.621s][info ][gc,heap     ] GC(4) Old regions: 172->217
[0.621s][info ][gc,heap     ] GC(4) Archive regions: 0->0
[0.621s][info ][gc,heap     ] GC(4) Humongous regions: 0->0
[0.621s][info ][gc,metaspace] GC(4) Metaspace: 6685K(6912K)->6685K(6912K) NonClass: 6103K(6208K)->6103K(6208K) Class: 581K(704K)->581K(704K)
[0.621s][debug][gc,heap     ] GC(4) Heap after GC invocations=5 (full 0):
[0.621s][debug][gc,heap     ] GC(4)  garbage-first heap   total 1048576K, used 229052K [0x00000000c0000000, 0x0000000100000000)
[0.621s][debug][gc,heap     ] GC(4)   region size 1024K, 7 young (7168K), 7 survivors (7168K)
[0.621s][debug][gc,heap     ] GC(4)  Metaspace       used 6685K, committed 6912K, reserved 1114112K
[0.621s][debug][gc,heap     ] GC(4)   class space    used 581K, committed 704K, reserved 1048576K
[0.621s][info ][gc          ] GC(4) Pause Young (Normal) (G1 Evacuation Pause) 222M->223M(1024M) 62.271ms
[0.621s][info ][gc,cpu      ] GC(4) User=0.19s Sys=0.28s Real=0.06s
[0.621s][info ][safepoint   ] Safepoint "G1CollectForAllocation", Time since last: 4975400 ns, Reaching safepoint: 14200 ns, Cleanup: 7300 ns, At safepoint: 62586798 ns, Total: 62608298 ns
[0.625s][debug][gc,heap     ] GC(5) Heap before GC invocations=5 (full 0):
[0.625s][debug][gc,heap     ] GC(5)  garbage-first heap   total 1048576K, used 273084K [0x00000000c0000000, 0x0000000100000000)
[0.625s][debug][gc,heap     ] GC(5)   region size 1024K, 51 young (52224K), 7 survivors (7168K)
[0.625s][debug][gc,heap     ] GC(5)  Metaspace       used 6685K, committed 6912K, reserved 1114112K
[0.625s][debug][gc,heap     ] GC(5)   class space    used 581K, committed 704K, reserved 1048576K
[0.626s][info ][gc,start    ] GC(5) Pause Young (Normal) (G1 Evacuation Pause)
[0.626s][info ][gc,task     ] GC(5) Using 10 workers of 10 for evacuation
[0.679s][info ][gc,phases   ] GC(5)   Pre Evacuate Collection Set: 0.2ms
[0.679s][info ][gc,phases   ] GC(5)   Merge Heap Roots: 0.1ms
[0.679s][info ][gc,phases   ] GC(5)   Evacuate Collection Set: 43.7ms
[0.679s][info ][gc,phases   ] GC(5)   Post Evacuate Collection Set: 8.7ms
[0.679s][info ][gc,phases   ] GC(5)   Other: 0.4ms
[0.679s][info ][gc,heap     ] GC(5) Eden regions: 44->0(48)
[0.679s][info ][gc,heap     ] GC(5) Survivor regions: 7->7(7)
[0.679s][info ][gc,heap     ] GC(5) Old regions: 217->262
[0.679s][info ][gc,heap     ] GC(5) Archive regions: 0->0
[0.679s][info ][gc,heap     ] GC(5) Humongous regions: 0->0
[0.679s][info ][gc,metaspace] GC(5) Metaspace: 6685K(6912K)->6685K(6912K) NonClass: 6103K(6208K)->6103K(6208K) Class: 581K(704K)->581K(704K)
[0.679s][debug][gc,heap     ] GC(5) Heap after GC invocations=6 (full 0):
[0.679s][debug][gc,heap     ] GC(5)  garbage-first heap   total 1048576K, used 274632K [0x00000000c0000000, 0x0000000100000000)
[0.679s][debug][gc,heap     ] GC(5)   region size 1024K, 7 young (7168K), 7 survivors (7168K)
[0.679s][debug][gc,heap     ] GC(5)  Metaspace       used 6685K, committed 6912K, reserved 1114112K
[0.679s][debug][gc,heap     ] GC(5)   class space    used 581K, committed 704K, reserved 1048576K
[0.679s][info ][gc          ] GC(5) Pause Young (Normal) (G1 Evacuation Pause) 267M->268M(1024M) 53.111ms
[0.679s][info ][gc,cpu      ] GC(5) User=0.18s Sys=0.21s Real=0.05s
[0.679s][info ][safepoint   ] Safepoint "G1CollectForAllocation", Time since last: 4171499 ns, Reaching safepoint: 10900 ns, Cleanup: 6700 ns, At safepoint: 53370799 ns, Total: 53388399 ns
[0.683s][debug][gc,heap     ] GC(6) Heap before GC invocations=6 (full 0):
[0.683s][debug][gc,heap     ] GC(6)  garbage-first heap   total 1048576K, used 322760K [0x00000000c0000000, 0x0000000100000000)
[0.683s][debug][gc,heap     ] GC(6)   region size 1024K, 55 young (56320K), 7 survivors (7168K)
[0.683s][debug][gc,heap     ] GC(6)  Metaspace       used 6685K, committed 6912K, reserved 1114112K
[0.683s][debug][gc,heap     ] GC(6)   class space    used 581K, committed 704K, reserved 1048576K
[0.683s][info ][gc,start    ] GC(6) Pause Young (Normal) (G1 Evacuation Pause)
[0.683s][info ][gc,task     ] GC(6) Using 10 workers of 10 for evacuation
[0.746s][info ][gc,phases   ] GC(6)   Pre Evacuate Collection Set: 0.2ms
[0.746s][info ][gc,phases   ] GC(6)   Merge Heap Roots: 0.1ms
[0.746s][info ][gc,phases   ] GC(6)   Evacuate Collection Set: 52.8ms
[0.746s][info ][gc,phases   ] GC(6)   Post Evacuate Collection Set: 9.0ms
[0.746s][info ][gc,phases   ] GC(6)   Other: 0.5ms
[0.746s][info ][gc,heap     ] GC(6) Eden regions: 48->0(57)
[0.746s][info ][gc,heap     ] GC(6) Survivor regions: 7->7(7)
[0.746s][info ][gc,heap     ] GC(6) Old regions: 262->311
[0.746s][info ][gc,heap     ] GC(6) Archive regions: 0->0
[0.746s][info ][gc,heap     ] GC(6) Humongous regions: 0->0
[0.746s][info ][gc,metaspace] GC(6) Metaspace: 6685K(6912K)->6685K(6912K) NonClass: 6103K(6208K)->6103K(6208K) Class: 581K(704K)->581K(704K)
[0.746s][debug][gc,heap     ] GC(6) Heap after GC invocations=7 (full 0):
[0.746s][debug][gc,heap     ] GC(6)  garbage-first heap   total 1048576K, used 325608K [0x00000000c0000000, 0x0000000100000000)
[0.746s][debug][gc,heap     ] GC(6)   region size 1024K, 7 young (7168K), 7 survivors (7168K)
[0.746s][debug][gc,heap     ] GC(6)  Metaspace       used 6685K, committed 6912K, reserved 1114112K
[0.746s][debug][gc,heap     ] GC(6)   class space    used 581K, committed 704K, reserved 1048576K
[0.746s][info ][gc          ] GC(6) Pause Young (Normal) (G1 Evacuation Pause) 316M->317M(1024M) 62.742ms
[0.746s][info ][gc,cpu      ] GC(6) User=0.18s Sys=0.28s Real=0.07s
[0.746s][info ][safepoint   ] Safepoint "G1CollectForAllocation", Time since last: 4318399 ns, Reaching safepoint: 13600 ns, Cleanup: 7000 ns, At safepoint: 63095298 ns, Total: 63115898 ns
[0.754s][debug][gc,heap     ] GC(7) Heap before GC invocations=7 (full 0):
[0.754s][debug][gc,heap     ] GC(7)  garbage-first heap   total 1048576K, used 382952K [0x00000000c0000000, 0x0000000100000000)
[0.754s][debug][gc,heap     ] GC(7)   region size 1024K, 64 young (65536K), 7 survivors (7168K)
[0.754s][debug][gc,heap     ] GC(7)  Metaspace       used 6685K, committed 6912K, reserved 1114112K
[0.754s][debug][gc,heap     ] GC(7)   class space    used 581K, committed 704K, reserved 1048576K
[0.754s][info ][gc,start    ] GC(7) Pause Young (Normal) (G1 Evacuation Pause)
[0.754s][info ][gc,task     ] GC(7) Using 10 workers of 10 for evacuation
[0.834s][info ][gc,phases   ] GC(7)   Pre Evacuate Collection Set: 0.2ms
[0.834s][info ][gc,phases   ] GC(7)   Merge Heap Roots: 0.2ms
[0.834s][info ][gc,phases   ] GC(7)   Evacuate Collection Set: 68.6ms
[0.834s][info ][gc,phases   ] GC(7)   Post Evacuate Collection Set: 11.0ms
[0.834s][info ][gc,phases   ] GC(7)   Other: 0.6ms
[0.834s][info ][gc,heap     ] GC(7) Eden regions: 57->0(65)
[0.834s][info ][gc,heap     ] GC(7) Survivor regions: 7->8(8)
[0.834s][info ][gc,heap     ] GC(7) Old regions: 311->367
[0.834s][info ][gc,heap     ] GC(7) Archive regions: 0->0
[0.834s][info ][gc,heap     ] GC(7) Humongous regions: 0->0
[0.834s][info ][gc,metaspace] GC(7) Metaspace: 6685K(6912K)->6685K(6912K) NonClass: 6103K(6208K)->6103K(6208K) Class: 581K(704K)->581K(704K)
[0.835s][debug][gc,heap     ] GC(7) Heap after GC invocations=8 (full 0):
[0.835s][debug][gc,heap     ] GC(7)  garbage-first heap   total 1048576K, used 383976K [0x00000000c0000000, 0x0000000100000000)
[0.835s][debug][gc,heap     ] GC(7)   region size 1024K, 8 young (8192K), 8 survivors (8192K)
[0.835s][debug][gc,heap     ] GC(7)  Metaspace       used 6685K, committed 6912K, reserved 1114112K
[0.835s][debug][gc,heap     ] GC(7)   class space    used 581K, committed 704K, reserved 1048576K
[0.835s][info ][gc          ] GC(7) Pause Young (Normal) (G1 Evacuation Pause) 374M->374M(1024M) 80.530ms
[0.835s][info ][gc,cpu      ] GC(7) User=0.25s Sys=0.38s Real=0.09s
[0.835s][info ][safepoint   ] Safepoint "G1CollectForAllocation", Time since last: 7568100 ns, Reaching safepoint: 15600 ns, Cleanup: 10000 ns, At safepoint: 80868397 ns, Total: 80893997 ns
[0.841s][debug][gc,heap     ] GC(8) Heap before GC invocations=8 (full 0):
[0.841s][debug][gc,heap     ] GC(8)  garbage-first heap   total 1048576K, used 449512K [0x00000000c0000000, 0x0000000100000000)
[0.841s][debug][gc,heap     ] GC(8)   region size 1024K, 73 young (74752K), 8 survivors (8192K)
[0.841s][debug][gc,heap     ] GC(8)  Metaspace       used 6685K, committed 6912K, reserved 1114112K
[0.841s][debug][gc,heap     ] GC(8)   class space    used 581K, committed 704K, reserved 1048576K
[0.842s][info ][gc,start    ] GC(8) Pause Young (Normal) (G1 Evacuation Pause)
[0.842s][info ][gc,task     ] GC(8) Using 10 workers of 10 for evacuation
[0.961s][info ][gc,phases   ] GC(8)   Pre Evacuate Collection Set: 0.2ms
[0.962s][info ][gc,phases   ] GC(8)   Merge Heap Roots: 0.1ms
[0.962s][info ][gc,phases   ] GC(8)   Evacuate Collection Set: 106.9ms
[0.962s][info ][gc,phases   ] GC(8)   Post Evacuate Collection Set: 12.1ms
[0.962s][info ][gc,phases   ] GC(8)   Other: 0.8ms
[0.962s][info ][gc,heap     ] GC(8) Eden regions: 65->0(68)
[0.962s][info ][gc,heap     ] GC(8) Survivor regions: 8->10(10)
[0.962s][info ][gc,heap     ] GC(8) Old regions: 367->433
[0.962s][info ][gc,heap     ] GC(8) Archive regions: 0->0
[0.962s][info ][gc,heap     ] GC(8) Humongous regions: 0->0
[0.962s][info ][gc,metaspace] GC(8) Metaspace: 6685K(6912K)->6685K(6912K) NonClass: 6103K(6208K)->6103K(6208K) Class: 581K(704K)->581K(704K)
[0.962s][debug][gc,heap     ] GC(8) Heap after GC invocations=9 (full 0):
[0.962s][debug][gc,heap     ] GC(8)  garbage-first heap   total 1048576K, used 453108K [0x00000000c0000000, 0x0000000100000000)
[0.962s][debug][gc,heap     ] GC(8)   region size 1024K, 10 young (10240K), 10 survivors (10240K)
[0.962s][debug][gc,heap     ] GC(8)  Metaspace       used 6685K, committed 6912K, reserved 1114112K
[0.962s][debug][gc,heap     ] GC(8)   class space    used 581K, committed 704K, reserved 1048576K
[0.962s][info ][gc          ] GC(8) Pause Young (Normal) (G1 Evacuation Pause) 439M->442M(1024M) 119.992ms
[0.962s][info ][gc,cpu      ] GC(8) User=0.18s Sys=0.78s Real=0.12s
[0.962s][info ][safepoint   ] Safepoint "G1CollectForAllocation", Time since last: 6744900 ns, Reaching safepoint: 10900 ns, Cleanup: 5400 ns, At safepoint: 120356395 ns, Total: 120372695 ns
[0.964s][info ][gc,heap,exit] Heap
[0.964s][info ][gc,heap,exit]  garbage-first heap   total 1048576K, used 454132K [0x00000000c0000000, 0x0000000100000000)
[0.964s][info ][gc,heap,exit]   region size 1024K, 11 young (11264K), 10 survivors (10240K)
[0.964s][info ][gc,heap,exit]  Metaspace       used 6700K, committed 6912K, reserved 1114112K
[0.964s][info ][gc,heap,exit]   class space    used 583K, committed 704K, reserved 1048576K
[0.965s][info ][gc,verify,start] Verifying 
[0.981s][info ][gc,verify      ] Verifying  15.938ms
