[0.009s][debug][gc,heap] Minimum heap 1073741824  Initial heap 1073741824  Maximum heap 1073741824
[0.009s][info ][gc,init] Initializing The Z Garbage Collector
[0.009s][info ][gc,init] Version: 17.0.11-internal+0-adhoc.damowang.TencentKona-17 (fastdebug)
[0.009s][info ][gc,init] NUMA Support: Disabled
[0.009s][info ][gc,init] CPUs: 12 total, 12 available
[0.009s][info ][gc,init] Memory: 3829M
[0.009s][info ][gc,init] Large Page Support: Disabled
[0.009s][info ][gc,init] GC Workers: 3 (dynamic)
[0.010s][info ][gc,init] Address Space Type: Contiguous/Unrestricted/Complete
[0.010s][info ][gc,init] Address Space Size: 16384M x 3 = 49152M
[0.010s][info ][gc,init] Heap Backing File: /memfd:java_heap
[0.010s][info ][gc,init] Heap Backing Filesystem: tmpfs (0x1021994)
[0.011s][info ][gc,init] Min Capacity: 1024M
[0.011s][info ][gc,init] Initial Capacity: 1024M
[0.011s][info ][gc,init] Max Capacity: 1024M
[0.011s][info ][gc,init] Medium Page Size: 32M
[0.011s][info ][gc,init] Pre-touch: Disabled
[0.011s][info ][gc,init] Available space on backing filesystem: N/A
[0.011s][info ][gc,init] Uncommit: Implicitly Disabled (-Xms equals -Xmx)
[0.103s][info ][gc,init] Runtime Workers: 8
[0.106s][info ][gc     ] Using The Z Garbage Collector
[0.106s][info ][gc,metaspace] CDS archive(s) not mapped
[0.106s][info ][gc,metaspace] Compressed class space mapped at: 0x0000000080000000-0x00000000c0000000, reserved size: 1073741824
[0.106s][info ][gc,metaspace] Narrow klass base: 0x0000000000000000, Narrow klass shift: 0, Narrow klass range: 0xc0000000
[0.452s][debug][gc,heap     ] GC(0) Heap before GC invocations=0 (full 0):
[0.452s][debug][gc,heap     ] GC(0)  ZHeap           used 128M, capacity 1024M, max capacity 1024M
[0.452s][debug][gc,heap     ] GC(0)  Metaspace       used 6688K, committed 6912K, reserved 1114112K
[0.452s][debug][gc,heap     ] GC(0)   class space    used 581K, committed 704K, reserved 1048576K
[0.452s][info ][gc,start    ] GC(0) Garbage Collection (Warmup)
[0.452s][info ][gc,task     ] GC(0) Using 3 workers
[0.453s][info ][gc,phases   ] GC(0) Pause Mark Start 0.008ms
[0.453s][info ][safepoint   ] Safepoint "ZMarkStart", Time since last: 318331034 ns, Reaching safepoint: 113200 ns, Cleanup: 42600 ns, At safepoint: 297000 ns, Total: 452800 ns
[0.464s][info ][gc,phases   ] GC(0) Concurrent Mark 10.851ms
[0.465s][info ][gc,phases   ] GC(0) Pause Mark End 0.042ms
[0.465s][info ][safepoint   ] Safepoint "ZMarkEnd", Time since last: 10985701 ns, Reaching safepoint: 459600 ns, Cleanup: 4100 ns, At safepoint: 193300 ns, Total: 657000 ns
[0.465s][info ][gc,phases   ] GC(0) Concurrent Mark Free 0.001ms
[0.466s][info ][gc,phases   ] GC(0) Concurrent Process Non-Strong References 1.174ms
[0.466s][info ][gc,phases   ] GC(0) Concurrent Reset Relocation Set 0.000ms
[0.466s][info ][safepoint   ] Safepoint "ZVerify", Time since last: 1296901 ns, Reaching safepoint: 82700 ns, Cleanup: 6000 ns, At safepoint: 208300 ns, Total: 297000 ns
[0.467s][info ][safepoint   ] Safepoint "CleanClassLoaderDataMetaspaces", Time since last: 128200 ns, Reaching safepoint: 80500 ns, Cleanup: 3800 ns, At safepoint: 167800 ns, Total: 252100 ns
[0.468s][info ][gc,phases   ] GC(0) Concurrent Select Relocation Set 2.237ms
[0.469s][info ][gc,phases   ] GC(0) Pause Relocate Start 0.021ms
[0.469s][info ][safepoint   ] Safepoint "ZRelocateStart", Time since last: 1992800 ns, Reaching safepoint: 90600 ns, Cleanup: 2400 ns, At safepoint: 134900 ns, Total: 227900 ns
[0.470s][info ][gc,phases   ] GC(0) Concurrent Relocate 1.503ms
[0.470s][debug][gc,heap     ] GC(0) Heap after GC invocations=1 (full 1):
[0.470s][debug][gc,heap     ] GC(0)  ZHeap           used 142M, capacity 1024M, max capacity 1024M
[0.470s][debug][gc,heap     ] GC(0)  Metaspace       used 6688K, committed 6912K, reserved 1114112K
[0.470s][debug][gc,heap     ] GC(0)   class space    used 581K, committed 704K, reserved 1048576K
[0.470s][info ][gc,load     ] GC(0) Load: 0.56/0.29/0.15
[0.470s][info ][gc,mmu      ] GC(0) MMU: 2ms/97.9%, 5ms/98.7%, 10ms/99.4%, 20ms/99.6%, 50ms/99.9%, 100ms/99.9%
[0.470s][info ][gc,marking  ] GC(0) Mark: 2 stripe(s), 2 proactive flush(es), 1 terminate flush(es), 0 completion(s), 0 continuation(s) 
[0.470s][info ][gc,marking  ] GC(0) Mark Stack Usage: 32M
[0.470s][info ][gc,nmethod  ] GC(0) NMethods: 379 registered, 0 unregistered
[0.470s][info ][gc,metaspace] GC(0) Metaspace: 6M used, 6M committed, 1088M reserved
[0.470s][info ][gc,ref      ] GC(0) Soft: 80 encountered, 0 discovered, 0 enqueued
[0.470s][info ][gc,ref      ] GC(0) Weak: 278 encountered, 82 discovered, 74 enqueued
[0.470s][info ][gc,ref      ] GC(0) Final: 0 encountered, 0 discovered, 0 enqueued
[0.470s][info ][gc,ref      ] GC(0) Phantom: 30 encountered, 29 discovered, 27 enqueued
[0.470s][info ][gc,reloc    ] GC(0) Small Pages: 64 / 128M, Empty: 0M, Relocated: 1M, In-Place: 0
[0.470s][info ][gc,reloc    ] GC(0) Medium Pages: 0 / 0M, Empty: 0M, Relocated: 0M, In-Place: 0
[0.470s][info ][gc,reloc    ] GC(0) Large Pages: 0 / 0M, Empty: 0M, Relocated: 0M, In-Place: 0
[0.470s][info ][gc,reloc    ] GC(0) Forwarding Usage: 0M
[0.470s][info ][gc,heap     ] GC(0) Min Capacity: 1024M(100%)
[0.470s][info ][gc,heap     ] GC(0) Max Capacity: 1024M(100%)
[0.470s][info ][gc,heap     ] GC(0) Soft Max Capacity: 1024M(100%)
[0.470s][info ][gc,heap     ] GC(0)                Mark Start          Mark End        Relocate Start      Relocate End           High               Low         
[0.470s][info ][gc,heap     ] GC(0)  Capacity:     1024M (100%)       1024M (100%)       1024M (100%)       1024M (100%)       1024M (100%)       1024M (100%)   
[0.470s][info ][gc,heap     ] GC(0)      Free:      896M (88%)         886M (87%)         880M (86%)         882M (86%)         896M (88%)         872M (85%)    
[0.470s][info ][gc,heap     ] GC(0)      Used:      128M (12%)         138M (13%)         144M (14%)         142M (14%)         152M (15%)         128M (12%)    
[0.470s][info ][gc,heap     ] GC(0)      Live:         -               115M (11%)         115M (11%)         115M (11%)            -                  -          
[0.470s][info ][gc,heap     ] GC(0) Allocated:         -                10M (1%)           16M (2%)           17M (2%)             -                  -          
[0.470s][info ][gc,heap     ] GC(0)   Garbage:         -                12M (1%)           12M (1%)            8M (1%)             -                  -          
[0.470s][info ][gc,heap     ] GC(0) Reclaimed:         -                  -                 0M (0%)            3M (0%)             -                  -          
[0.470s][info ][gc          ] GC(0) Garbage Collection (Warmup) 128M(12%)->142M(14%)
[0.552s][debug][gc,heap     ] GC(1) Heap before GC invocations=1 (full 1):
[0.552s][debug][gc,heap     ] GC(1)  ZHeap           used 314M, capacity 1024M, max capacity 1024M
[0.552s][debug][gc,heap     ] GC(1)  Metaspace       used 6688K, committed 6912K, reserved 1114112K
[0.552s][debug][gc,heap     ] GC(1)   class space    used 581K, committed 704K, reserved 1048576K
[0.553s][info ][gc,start    ] GC(1) Garbage Collection (Warmup)
[0.553s][info ][gc,task     ] GC(1) Using 3 workers
[0.553s][info ][gc,phases   ] GC(1) Pause Mark Start 0.009ms
[0.553s][info ][safepoint   ] Safepoint "ZMarkStart", Time since last: 83803609 ns, Reaching safepoint: 239500 ns, Cleanup: 4000 ns, At safepoint: 235900 ns, Total: 479400 ns
[0.559s][info ][gc,phases   ] GC(1) Concurrent Mark 6.089ms
[0.560s][info ][gc,phases   ] GC(1) Pause Mark End 0.037ms
[0.560s][info ][safepoint   ] Safepoint "ZMarkEnd", Time since last: 6252401 ns, Reaching safepoint: 136800 ns, Cleanup: 4100 ns, At safepoint: 192400 ns, Total: 333300 ns
[0.560s][info ][gc,phases   ] GC(1) Concurrent Mark Free 0.001ms
[0.561s][info ][gc,phases   ] GC(1) Concurrent Process Non-Strong References 1.270ms
[0.561s][info ][gc,phases   ] GC(1) Concurrent Reset Relocation Set 0.001ms
[0.561s][info ][safepoint   ] Safepoint "ZVerify", Time since last: 1423400 ns, Reaching safepoint: 162900 ns, Cleanup: 3100 ns, At safepoint: 270300 ns, Total: 436300 ns
[0.563s][info ][gc,phases   ] GC(1) Concurrent Select Relocation Set 1.800ms
[0.564s][info ][gc,phases   ] GC(1) Pause Relocate Start 0.027ms
[0.564s][info ][safepoint   ] Safepoint "ZRelocateStart", Time since last: 1970300 ns, Reaching safepoint: 91300 ns, Cleanup: 3500 ns, At safepoint: 192200 ns, Total: 287000 ns
[0.567s][info ][gc,phases   ] GC(1) Concurrent Relocate 3.448ms
[0.567s][debug][gc,heap     ] GC(1) Heap after GC invocations=2 (full 2):
[0.567s][debug][gc,heap     ] GC(1)  ZHeap           used 334M, capacity 1024M, max capacity 1024M
[0.567s][debug][gc,heap     ] GC(1)  Metaspace       used 6688K, committed 6912K, reserved 1114112K
[0.567s][debug][gc,heap     ] GC(1)   class space    used 581K, committed 704K, reserved 1048576K
[0.567s][info ][gc,load     ] GC(1) Load: 0.56/0.29/0.15
[0.567s][info ][gc,mmu      ] GC(1) MMU: 2ms/97.9%, 5ms/98.7%, 10ms/99.4%, 20ms/99.6%, 50ms/99.9%, 100ms/99.9%
[0.567s][info ][gc,marking  ] GC(1) Mark: 2 stripe(s), 4 proactive flush(es), 1 terminate flush(es), 0 completion(s), 0 continuation(s) 
[0.567s][info ][gc,marking  ] GC(1) Mark Stack Usage: 32M
[0.567s][info ][gc,nmethod  ] GC(1) NMethods: 380 registered, 0 unregistered
[0.567s][info ][gc,metaspace] GC(1) Metaspace: 6M used, 6M committed, 1088M reserved
[0.567s][info ][gc,ref      ] GC(1) Soft: 80 encountered, 0 discovered, 0 enqueued
[0.567s][info ][gc,ref      ] GC(1) Weak: 204 encountered, 155 discovered, 0 enqueued
[0.567s][info ][gc,ref      ] GC(1) Final: 0 encountered, 0 discovered, 0 enqueued
[0.567s][info ][gc,ref      ] GC(1) Phantom: 3 encountered, 2 discovered, 0 enqueued
[0.567s][info ][gc,reloc    ] GC(1) Small Pages: 157 / 314M, Empty: 0M, Relocated: 2M, In-Place: 0
[0.567s][info ][gc,reloc    ] GC(1) Medium Pages: 0 / 0M, Empty: 0M, Relocated: 0M, In-Place: 0
[0.567s][info ][gc,reloc    ] GC(1) Large Pages: 0 / 0M, Empty: 0M, Relocated: 0M, In-Place: 0
[0.567s][info ][gc,reloc    ] GC(1) Forwarding Usage: 0M
[0.567s][info ][gc,heap     ] GC(1) Min Capacity: 1024M(100%)
[0.567s][info ][gc,heap     ] GC(1) Max Capacity: 1024M(100%)
[0.567s][info ][gc,heap     ] GC(1) Soft Max Capacity: 1024M(100%)
[0.567s][info ][gc,heap     ] GC(1)                Mark Start          Mark End        Relocate Start      Relocate End           High               Low         
[0.567s][info ][gc,heap     ] GC(1)  Capacity:     1024M (100%)       1024M (100%)       1024M (100%)       1024M (100%)       1024M (100%)       1024M (100%)   
[0.567s][info ][gc,heap     ] GC(1)      Free:      710M (69%)         698M (68%)         694M (68%)         690M (67%)         710M (69%)         686M (67%)    
[0.567s][info ][gc,heap     ] GC(1)      Used:      314M (31%)         326M (32%)         330M (32%)         334M (33%)         338M (33%)         314M (31%)    
[0.567s][info ][gc,heap     ] GC(1)      Live:         -               299M (29%)         299M (29%)         299M (29%)            -                  -          
[0.567s][info ][gc,heap     ] GC(1) Allocated:         -                12M (1%)           16M (2%)           23M (2%)             -                  -          
[0.567s][info ][gc,heap     ] GC(1)   Garbage:         -                14M (1%)           14M (1%)           10M (1%)             -                  -          
[0.567s][info ][gc,heap     ] GC(1) Reclaimed:         -                  -                 0M (0%)            3M (0%)             -                  -          
[0.567s][info ][gc          ] GC(1) Garbage Collection (Warmup) 314M(31%)->334M(33%)
[0.653s][debug][gc,heap     ] GC(2) Heap before GC invocations=2 (full 2):
[0.653s][debug][gc,heap     ] GC(2)  ZHeap           used 516M, capacity 1024M, max capacity 1024M
[0.653s][debug][gc,heap     ] GC(2)  Metaspace       used 6688K, committed 6912K, reserved 1114112K
[0.653s][debug][gc,heap     ] GC(2)   class space    used 581K, committed 704K, reserved 1048576K
[0.653s][info ][gc,start    ] GC(2) Garbage Collection (Warmup)
[0.653s][info ][gc,task     ] GC(2) Using 3 workers
[0.653s][info ][gc,phases   ] GC(2) Pause Mark Start 0.008ms
[0.653s][info ][safepoint   ] Safepoint "ZMarkStart", Time since last: 89019510 ns, Reaching safepoint: 274300 ns, Cleanup: 5000 ns, At safepoint: 247200 ns, Total: 526500 ns
[0.663s][info ][gc,phases   ] GC(2) Concurrent Mark 9.351ms
[0.663s][info ][gc,phases   ] GC(2) Pause Mark End 0.041ms
[0.663s][info ][safepoint   ] Safepoint "ZMarkEnd", Time since last: 9500401 ns, Reaching safepoint: 83800 ns, Cleanup: 3900 ns, At safepoint: 268100 ns, Total: 355800 ns
[0.663s][info ][gc,phases   ] GC(2) Concurrent Mark Free 0.001ms
[0.664s][info ][gc,phases   ] GC(2) Concurrent Process Non-Strong References 0.955ms
[0.664s][info ][gc,phases   ] GC(2) Concurrent Reset Relocation Set 0.001ms
[0.665s][info ][safepoint   ] Safepoint "ZVerify", Time since last: 1124900 ns, Reaching safepoint: 90000 ns, Cleanup: 2600 ns, At safepoint: 214200 ns, Total: 306800 ns
[0.666s][info ][gc,phases   ] GC(2) Concurrent Select Relocation Set 1.221ms
[0.666s][info ][gc,phases   ] GC(2) Pause Relocate Start 0.023ms
[0.666s][info ][safepoint   ] Safepoint "ZRelocateStart", Time since last: 1302700 ns, Reaching safepoint: 453300 ns, Cleanup: 2700 ns, At safepoint: 130800 ns, Total: 586800 ns
[0.669s][info ][gc,phases   ] GC(2) Concurrent Relocate 2.537ms
[0.669s][debug][gc,heap     ] GC(2) Heap after GC invocations=3 (full 3):
[0.669s][debug][gc,heap     ] GC(2)  ZHeap           used 544M, capacity 1024M, max capacity 1024M
[0.669s][debug][gc,heap     ] GC(2)  Metaspace       used 6688K, committed 6912K, reserved 1114112K
[0.669s][debug][gc,heap     ] GC(2)   class space    used 581K, committed 704K, reserved 1048576K
[0.669s][info ][gc,load     ] GC(2) Load: 0.56/0.29/0.15
[0.669s][info ][gc,mmu      ] GC(2) MMU: 2ms/97.9%, 5ms/98.7%, 10ms/99.4%, 20ms/99.6%, 50ms/99.9%, 100ms/99.9%
[0.669s][info ][gc,marking  ] GC(2) Mark: 2 stripe(s), 3 proactive flush(es), 1 terminate flush(es), 0 completion(s), 0 continuation(s) 
[0.669s][info ][gc,marking  ] GC(2) Mark Stack Usage: 32M
[0.669s][info ][gc,nmethod  ] GC(2) NMethods: 381 registered, 0 unregistered
[0.669s][info ][gc,metaspace] GC(2) Metaspace: 6M used, 6M committed, 1088M reserved
[0.669s][info ][gc,ref      ] GC(2) Soft: 80 encountered, 0 discovered, 0 enqueued
[0.669s][info ][gc,ref      ] GC(2) Weak: 204 encountered, 5 discovered, 0 enqueued
[0.669s][info ][gc,ref      ] GC(2) Final: 0 encountered, 0 discovered, 0 enqueued
[0.669s][info ][gc,ref      ] GC(2) Phantom: 3 encountered, 2 discovered, 0 enqueued
[0.669s][info ][gc,reloc    ] GC(2) Small Pages: 258 / 516M, Empty: 0M, Relocated: 1M, In-Place: 0
[0.669s][info ][gc,reloc    ] GC(2) Medium Pages: 0 / 0M, Empty: 0M, Relocated: 0M, In-Place: 0
[0.669s][info ][gc,reloc    ] GC(2) Large Pages: 0 / 0M, Empty: 0M, Relocated: 0M, In-Place: 0
[0.669s][info ][gc,reloc    ] GC(2) Forwarding Usage: 0M
[0.669s][info ][gc,heap     ] GC(2) Min Capacity: 1024M(100%)
[0.669s][info ][gc,heap     ] GC(2) Max Capacity: 1024M(100%)
[0.669s][info ][gc,heap     ] GC(2) Soft Max Capacity: 1024M(100%)
[0.669s][info ][gc,heap     ] GC(2)                Mark Start          Mark End        Relocate Start      Relocate End           High               Low         
[0.669s][info ][gc,heap     ] GC(2)  Capacity:     1024M (100%)       1024M (100%)       1024M (100%)       1024M (100%)       1024M (100%)       1024M (100%)   
[0.669s][info ][gc,heap     ] GC(2)      Free:      508M (50%)         492M (48%)         486M (47%)         480M (47%)         508M (50%)         478M (47%)    
[0.669s][info ][gc,heap     ] GC(2)      Used:      516M (50%)         532M (52%)         538M (53%)         544M (53%)         546M (53%)         516M (50%)    
[0.669s][info ][gc,heap     ] GC(2)      Live:         -               498M (49%)         498M (49%)         498M (49%)            -                  -          
[0.669s][info ][gc,heap     ] GC(2) Allocated:         -                16M (2%)           22M (2%)           28M (3%)             -                  -          
[0.669s][info ][gc,heap     ] GC(2)   Garbage:         -                17M (2%)           17M (2%)           17M (2%)             -                  -          
[0.669s][info ][gc,heap     ] GC(2) Reclaimed:         -                  -                 0M (0%)            0M (0%)             -                  -          
[0.669s][info ][gc          ] GC(2) Garbage Collection (Warmup) 516M(50%)->544M(53%)
[0.753s][debug][gc,heap     ] GC(3) Heap before GC invocations=3 (full 3):
[0.753s][debug][gc,heap     ] GC(3)  ZHeap           used 724M, capacity 1024M, max capacity 1024M
[0.753s][debug][gc,heap     ] GC(3)  Metaspace       used 6688K, committed 6912K, reserved 1114112K
[0.753s][debug][gc,heap     ] GC(3)   class space    used 581K, committed 704K, reserved 1048576K
[0.753s][info ][gc,start    ] GC(3) Garbage Collection (Allocation Rate)
[0.753s][info ][gc,task     ] GC(3) Using 3 workers
[0.754s][info ][gc,phases   ] GC(3) Pause Mark Start 0.008ms
[0.754s][info ][safepoint   ] Safepoint "ZMarkStart", Time since last: 86627710 ns, Reaching safepoint: 408100 ns, Cleanup: 4300 ns, At safepoint: 241800 ns, Total: 654200 ns
[0.763s][info ][gc,phases   ] GC(3) Concurrent Mark 9.614ms
[0.764s][info ][gc,phases   ] GC(3) Pause Mark End 0.040ms
[0.764s][info ][safepoint   ] Safepoint "ZMarkEnd", Time since last: 9791701 ns, Reaching safepoint: 88800 ns, Cleanup: 4600 ns, At safepoint: 206900 ns, Total: 300300 ns
[0.764s][info ][gc,phases   ] GC(3) Concurrent Mark Free 0.001ms
[0.765s][info ][gc,phases   ] GC(3) Concurrent Process Non-Strong References 1.157ms
[0.765s][info ][gc,phases   ] GC(3) Concurrent Reset Relocation Set 0.001ms
[0.766s][info ][safepoint   ] Safepoint "ZVerify", Time since last: 1285900 ns, Reaching safepoint: 307500 ns, Cleanup: 2200 ns, At safepoint: 205900 ns, Total: 515600 ns
[0.767s][info ][gc,phases   ] GC(3) Concurrent Select Relocation Set 1.370ms
[0.767s][info ][gc,phases   ] GC(3) Pause Relocate Start 0.021ms
[0.767s][info ][safepoint   ] Safepoint "ZRelocateStart", Time since last: 1502800 ns, Reaching safepoint: 87100 ns, Cleanup: 2300 ns, At safepoint: 116900 ns, Total: 206300 ns
[0.770s][info ][gc,phases   ] GC(3) Concurrent Relocate 2.618ms
[0.770s][debug][gc,heap     ] GC(3) Heap after GC invocations=4 (full 4):
[0.770s][debug][gc,heap     ] GC(3)  ZHeap           used 752M, capacity 1024M, max capacity 1024M
[0.770s][debug][gc,heap     ] GC(3)  Metaspace       used 6688K, committed 6912K, reserved 1114112K
[0.770s][debug][gc,heap     ] GC(3)   class space    used 581K, committed 704K, reserved 1048576K
[0.770s][info ][gc,load     ] GC(3) Load: 0.56/0.29/0.15
[0.770s][info ][gc,mmu      ] GC(3) MMU: 2ms/97.9%, 5ms/98.7%, 10ms/99.4%, 20ms/99.6%, 50ms/99.9%, 100ms/99.9%
[0.770s][info ][gc,marking  ] GC(3) Mark: 2 stripe(s), 3 proactive flush(es), 1 terminate flush(es), 0 completion(s), 0 continuation(s) 
[0.770s][info ][gc,marking  ] GC(3) Mark Stack Usage: 32M
[0.770s][info ][gc,nmethod  ] GC(3) NMethods: 384 registered, 0 unregistered
[0.770s][info ][gc,metaspace] GC(3) Metaspace: 6M used, 6M committed, 1088M reserved
[0.770s][info ][gc,ref      ] GC(3) Soft: 80 encountered, 0 discovered, 0 enqueued
[0.770s][info ][gc,ref      ] GC(3) Weak: 204 encountered, 138 discovered, 0 enqueued
[0.770s][info ][gc,ref      ] GC(3) Final: 0 encountered, 0 discovered, 0 enqueued
[0.770s][info ][gc,ref      ] GC(3) Phantom: 3 encountered, 2 discovered, 0 enqueued
[0.770s][info ][gc,reloc    ] GC(3) Small Pages: 362 / 724M, Empty: 0M, Relocated: 1M, In-Place: 0
[0.770s][info ][gc,reloc    ] GC(3) Medium Pages: 0 / 0M, Empty: 0M, Relocated: 0M, In-Place: 0
[0.770s][info ][gc,reloc    ] GC(3) Large Pages: 0 / 0M, Empty: 0M, Relocated: 0M, In-Place: 0
[0.770s][info ][gc,reloc    ] GC(3) Forwarding Usage: 0M
[0.770s][info ][gc,heap     ] GC(3) Min Capacity: 1024M(100%)
[0.770s][info ][gc,heap     ] GC(3) Max Capacity: 1024M(100%)
[0.770s][info ][gc,heap     ] GC(3) Soft Max Capacity: 1024M(100%)
[0.770s][info ][gc,heap     ] GC(3)                Mark Start          Mark End        Relocate Start      Relocate End           High               Low         
[0.770s][info ][gc,heap     ] GC(3)  Capacity:     1024M (100%)       1024M (100%)       1024M (100%)       1024M (100%)       1024M (100%)       1024M (100%)   
[0.770s][info ][gc,heap     ] GC(3)      Free:      300M (29%)         282M (28%)         276M (27%)         274M (27%)         300M (29%)         270M (26%)    
[0.770s][info ][gc,heap     ] GC(3)      Used:      724M (71%)         742M (72%)         748M (73%)         750M (73%)         754M (74%)         724M (71%)    
[0.770s][info ][gc,heap     ] GC(3)      Live:         -               699M (68%)         699M (68%)         699M (68%)            -                  -          
[0.770s][info ][gc,heap     ] GC(3) Allocated:         -                18M (2%)           24M (2%)           28M (3%)             -                  -          
[0.770s][info ][gc,heap     ] GC(3)   Garbage:         -                24M (2%)           24M (2%)           22M (2%)             -                  -          
[0.770s][info ][gc,heap     ] GC(3) Reclaimed:         -                  -                 0M (0%)            2M (0%)             -                  -          
[0.770s][info ][gc          ] GC(3) Garbage Collection (Allocation Rate) 724M(71%)->750M(73%)
[0.853s][debug][gc,heap     ] GC(4) Heap before GC invocations=4 (full 4):
[0.853s][debug][gc,heap     ] GC(4)  ZHeap           used 928M, capacity 1024M, max capacity 1024M
[0.853s][debug][gc,heap     ] GC(4)  Metaspace       used 6688K, committed 6912K, reserved 1114112K
[0.853s][debug][gc,heap     ] GC(4)   class space    used 581K, committed 704K, reserved 1048576K
[0.853s][info ][gc,start    ] GC(4) Garbage Collection (Allocation Rate)
[0.853s][info ][gc,task     ] GC(4) Using 3 workers
[0.853s][info ][gc,phases   ] GC(4) Pause Mark Start 0.008ms
[0.854s][info ][safepoint   ] Safepoint "ZMarkStart", Time since last: 85859209 ns, Reaching safepoint: 94100 ns, Cleanup: 4500 ns, At safepoint: 209900 ns, Total: 308500 ns
[0.865s][info ][gc,phases   ] GC(4) Concurrent Mark 11.688ms
[0.866s][info ][gc,phases   ] GC(4) Pause Mark End 0.040ms
[0.866s][info ][safepoint   ] Safepoint "ZMarkEnd", Time since last: 11817102 ns, Reaching safepoint: 832600 ns, Cleanup: 3900 ns, At safepoint: 193200 ns, Total: 1029700 ns
[0.866s][info ][gc,phases   ] GC(4) Concurrent Mark Free 0.001ms
[0.870s][info ][gc,phases   ] GC(4) Concurrent Process Non-Strong References 3.077ms
[0.870s][info ][gc,phases   ] GC(4) Concurrent Reset Relocation Set 0.001ms
[0.872s][info ][safepoint   ] Safepoint "ZVerify", Time since last: 3207500 ns, Reaching safepoint: 2209500 ns, Cleanup: 18300 ns, At safepoint: 207300 ns, Total: 2435100 ns
[0.873s][info ][gc,phases   ] GC(4) Concurrent Select Relocation Set 1.269ms
[0.875s][info ][gc,phases   ] GC(4) Pause Relocate Start 0.021ms
[0.875s][info ][safepoint   ] Safepoint "ZRelocateStart", Time since last: 1383501 ns, Reaching safepoint: 1009300 ns, Cleanup: 2600 ns, At safepoint: 129900 ns, Total: 1141800 ns
[0.878s][info ][gc,phases   ] GC(4) Concurrent Relocate 3.185ms
[0.878s][debug][gc,heap     ] GC(4) Heap after GC invocations=5 (full 5):
[0.878s][debug][gc,heap     ] GC(4)  ZHeap           used 948M, capacity 1024M, max capacity 1024M
[0.878s][debug][gc,heap     ] GC(4)  Metaspace       used 6688K, committed 6912K, reserved 1114112K
[0.878s][debug][gc,heap     ] GC(4)   class space    used 581K, committed 704K, reserved 1048576K
[0.878s][info ][gc,load     ] GC(4) Load: 0.56/0.29/0.15
[0.878s][info ][gc,mmu      ] GC(4) MMU: 2ms/97.9%, 5ms/98.7%, 10ms/99.4%, 20ms/99.6%, 50ms/99.9%, 100ms/99.9%
[0.878s][info ][gc,marking  ] GC(4) Mark: 2 stripe(s), 5 proactive flush(es), 1 terminate flush(es), 0 completion(s), 0 continuation(s) 
[0.878s][info ][gc,marking  ] GC(4) Mark Stack Usage: 32M
[0.878s][info ][gc,nmethod  ] GC(4) NMethods: 384 registered, 0 unregistered
[0.878s][info ][gc,metaspace] GC(4) Metaspace: 6M used, 6M committed, 1088M reserved
[0.878s][info ][gc,ref      ] GC(4) Soft: 80 encountered, 0 discovered, 0 enqueued
[0.878s][info ][gc,ref      ] GC(4) Weak: 204 encountered, 47 discovered, 0 enqueued
[0.878s][info ][gc,ref      ] GC(4) Final: 0 encountered, 0 discovered, 0 enqueued
[0.878s][info ][gc,ref      ] GC(4) Phantom: 3 encountered, 1 discovered, 0 enqueued
[0.878s][info ][gc,reloc    ] GC(4) Small Pages: 464 / 928M, Empty: 0M, Relocated: 1M, In-Place: 0
[0.878s][info ][gc,reloc    ] GC(4) Medium Pages: 0 / 0M, Empty: 0M, Relocated: 0M, In-Place: 0
[0.878s][info ][gc,reloc    ] GC(4) Large Pages: 0 / 0M, Empty: 0M, Relocated: 0M, In-Place: 0
[0.878s][info ][gc,reloc    ] GC(4) Forwarding Usage: 0M
[0.878s][info ][gc,heap     ] GC(4) Min Capacity: 1024M(100%)
[0.878s][info ][gc,heap     ] GC(4) Max Capacity: 1024M(100%)
[0.878s][info ][gc,heap     ] GC(4) Soft Max Capacity: 1024M(100%)
[0.878s][info ][gc,heap     ] GC(4)                Mark Start          Mark End        Relocate Start      Relocate End           High               Low         
[0.878s][info ][gc,heap     ] GC(4)  Capacity:     1024M (100%)       1024M (100%)       1024M (100%)       1024M (100%)       1024M (100%)       1024M (100%)   
[0.878s][info ][gc,heap     ] GC(4)      Free:       96M (9%)           86M (8%)           80M (8%)           78M (8%)           96M (9%)           74M (7%)     
[0.878s][info ][gc,heap     ] GC(4)      Used:      928M (91%)         938M (92%)         944M (92%)         946M (92%)         950M (93%)         928M (91%)    
[0.878s][info ][gc,heap     ] GC(4)      Live:         -               898M (88%)         898M (88%)         898M (88%)            -                  -          
[0.878s][info ][gc,heap     ] GC(4) Allocated:         -                10M (1%)           16M (2%)           19M (2%)             -                  -          
[0.878s][info ][gc,heap     ] GC(4)   Garbage:         -                29M (3%)           29M (3%)           27M (3%)             -                  -          
[0.878s][info ][gc,heap     ] GC(4) Reclaimed:         -                  -                 0M (0%)            1M (0%)             -                  -          
[0.878s][info ][gc          ] GC(4) Garbage Collection (Allocation Rate) 928M(91%)->946M(92%)
[0.952s][debug][gc,heap     ] GC(5) Heap before GC invocations=5 (full 5):
[0.952s][debug][gc,heap     ] GC(5)  ZHeap           used 1010M, capacity 1024M, max capacity 1024M
[0.952s][debug][gc,heap     ] GC(5)  Metaspace       used 6688K, committed 6912K, reserved 1114112K
[0.952s][debug][gc,heap     ] GC(5)   class space    used 581K, committed 704K, reserved 1048576K
[0.952s][info ][gc,start    ] GC(5) Garbage Collection (Allocation Rate)
[0.952s][info ][gc,task     ] GC(5) Using 3 workers
[0.953s][info ][gc,phases   ] GC(5) Pause Mark Start 0.008ms
[0.953s][info ][safepoint   ] Safepoint "ZMarkStart", Time since last: 77827408 ns, Reaching safepoint: 334100 ns, Cleanup: 4100 ns, At safepoint: 187300 ns, Total: 525500 ns
[0.960s][info ][gc          ] GC(5) Garbage Collection (Allocation Rate) Aborted
[0.964s][info ][gc,heap,exit] Heap
[0.964s][info ][gc,heap,exit]  ZHeap           used 1016M, capacity 1024M, max capacity 1024M
[0.964s][info ][gc,heap,exit]  Metaspace       used 6695K, committed 6912K, reserved 1114112K
[0.964s][info ][gc,heap,exit]   class space    used 583K, committed 704K, reserved 1048576K
